<?xml version="1.0" encoding="UTF-8" ?>
<testsuite failures="0" time="0.015" errors="0" skipped="0" tests="1" name="com.mich.erp.AppTest">
  <properties>
    <property name="java.runtime.name" value="Java(TM) SE Runtime Environment"/>
    <property name="sun.boot.library.path" value="C:\jdk1.6.0_17\jre\bin"/>
    <property name="java.vm.version" value="14.3-b01"/>
    <property name="java.vm.vendor" value="Sun Microsystems Inc."/>
    <property name="java.vendor.url" value="http://java.sun.com/"/>
    <property name="path.separator" value=";"/>
    <property name="java.vm.name" value="Java HotSpot(TM) Client VM"/>
    <property name="file.encoding.pkg" value="sun.io"/>
    <property name="user.country" value="CN"/>
    <property name="sun.java.launcher" value="SUN_STANDARD"/>
    <property name="sun.os.patch.level" value="Service Pack 3"/>
    <property name="java.vm.specification.name" value="Java Virtual Machine Specification"/>
    <property name="user.dir" value="D:\newerpProject\erp-grant"/>
    <property name="java.runtime.version" value="1.6.0_17-b04"/>
    <property name="java.awt.graphicsenv" value="sun.awt.Win32GraphicsEnvironment"/>
    <property name="basedir" value="D:\newerpProject\erp-grant"/>
    <property name="java.endorsed.dirs" value="C:\jdk1.6.0_17\jre\lib\endorsed"/>
    <property name="os.arch" value="x86"/>
    <property name="surefire.real.class.path" value="D:\newerpProject\erp-grant\target\surefire\surefirebooter4049297289574070145.jar"/>
    <property name="java.io.tmpdir" value="C:\DOCUME~1\ADMINI~1\LOCALS~1\Temp\"/>
    <property name="line.separator" value="
"/>
    <property name="java.vm.specification.vendor" value="Sun Microsystems Inc."/>
    <property name="user.variant" value=""/>
    <property name="os.name" value="Windows XP"/>
    <property name="sun.jnu.encoding" value="GBK"/>
    <property name="java.library.path" value="C:\jdk1.6.0_17\jre\bin;.;C:\WINDOWS\Sun\Java\bin;C:\WINDOWS\system32;C:\WINDOWS;D:\oracle\product\10.2.0\db_1\bin;C:\WINDOWS\system32;C:\WINDOWS;C:\WINDOWS\System32\Wbem;C:\Program Files\Common Files\Thunder Network\KanKan\Codecs;F:\maven3\bin;C:\Program Files\CVSNT\"/>
    <property name="surefire.test.class.path" value="D:\newerpProject\erp-grant\target\test-classes;D:\newerpProject\erp-grant\target\classes;D:\newerpProject\erp-core\target\erp-core-1.0-SNAPSHOT.jar;C:\Documents and Settings\Administrator\.m2\repository\junit\junit\3.8.1\junit-3.8.1.jar;C:\Documents and Settings\Administrator\.m2\repository\commons-dbcp\commons-dbcp\1.2.2\commons-dbcp-1.2.2.jar;C:\Documents and Settings\Administrator\.m2\repository\commons-pool\commons-pool\1.3\commons-pool-1.3.jar;C:\Documents and Settings\Administrator\.m2\repository\commons-io\commons-io\1.4\commons-io-1.4.jar;C:\Documents and Settings\Administrator\.m2\repository\javax\servlet\servlet-api\2.5\servlet-api-2.5.jar;C:\Documents and Settings\Administrator\.m2\repository\tomcat\jsp-api\5.0.16\jsp-api-5.0.16.jar;C:\Documents and Settings\Administrator\.m2\repository\org\freemarker\freemarker\2.3.15\freemarker-2.3.15.jar;C:\Documents and Settings\Administrator\.m2\repository\commons-lang\commons-lang\2.5\commons-lang-2.5.jar;C:\Documents and Settings\Administrator\.m2\repository\commons-codec\commons-codec\1.4\commons-codec-1.4.jar;C:\Documents and Settings\Administrator\.m2\repository\commons-beanutils\commons-beanutils\1.8.3\commons-beanutils-1.8.3.jar;C:\Documents and Settings\Administrator\.m2\repository\commons-logging\commons-logging\1.1.1\commons-logging-1.1.1.jar;C:\Documents and Settings\Administrator\.m2\repository\ognl\ognl\3.0\ognl-3.0.jar;C:\Documents and Settings\Administrator\.m2\repository\javassist\javassist\3.8.0.GA\javassist-3.8.0.GA.jar;C:\Documents and Settings\Administrator\.m2\repository\org\springframework\spring-test\3.0.5.RELEASE\spring-test-3.0.5.RELEASE.jar;C:\Documents and Settings\Administrator\.m2\repository\org\springframework\spring-core\3.0.5.RELEASE\spring-core-3.0.5.RELEASE.jar;C:\Documents and Settings\Administrator\.m2\repository\org\springframework\spring-asm\3.0.5.RELEASE\spring-asm-3.0.5.RELEASE.jar;C:\Documents and Settings\Administrator\.m2\repository\org\springframework\spring-webmvc\3.0.5.RELEASE\spring-webmvc-3.0.5.RELEASE.jar;C:\Documents and Settings\Administrator\.m2\repository\org\springframework\spring-expression\3.0.5.RELEASE\spring-expression-3.0.5.RELEASE.jar;C:\Documents and Settings\Administrator\.m2\repository\org\springframework\spring-web\3.0.5.RELEASE\spring-web-3.0.5.RELEASE.jar;C:\Documents and Settings\Administrator\.m2\repository\commons-digester\commons-digester\2.0\commons-digester-2.0.jar;C:\Documents and Settings\Administrator\.m2\repository\net\sf\json-lib\json-lib\2.4\json-lib-2.4-jdk15.jar;C:\Documents and Settings\Administrator\.m2\repository\commons-collections\commons-collections\3.2.1\commons-collections-3.2.1.jar;C:\Documents and Settings\Administrator\.m2\repository\net\sf\ezmorph\ezmorph\1.0.6\ezmorph-1.0.6.jar;C:\Documents and Settings\Administrator\.m2\repository\org\springframework\spring-jdbc\3.0.5.RELEASE\spring-jdbc-3.0.5.RELEASE.jar;C:\Documents and Settings\Administrator\.m2\repository\org\springframework\spring-orm\3.0.5.RELEASE\spring-orm-3.0.5.RELEASE.jar;C:\Documents and Settings\Administrator\.m2\repository\org\springframework\spring-beans\3.0.5.RELEASE\spring-beans-3.0.5.RELEASE.jar;C:\Documents and Settings\Administrator\.m2\repository\org\springframework\spring-context-support\3.0.5.RELEASE\spring-context-support-3.0.5.RELEASE.jar;C:\Documents and Settings\Administrator\.m2\repository\org\springframework\spring-tx\3.0.5.RELEASE\spring-tx-3.0.5.RELEASE.jar;C:\Documents and Settings\Administrator\.m2\repository\aopalliance\aopalliance\1.0\aopalliance-1.0.jar;C:\Documents and Settings\Administrator\.m2\repository\org\springframework\spring-aop\3.0.5.RELEASE\spring-aop-3.0.5.RELEASE.jar;C:\Documents and Settings\Administrator\.m2\repository\org\springframework\spring-context\3.0.5.RELEASE\spring-context-3.0.5.RELEASE.jar;C:\Documents and Settings\Administrator\.m2\repository\org\hibernate\hibernate-core\3.5.6-Final\hibernate-core-3.5.6-Final.jar;C:\Documents and Settings\Administrator\.m2\repository\antlr\antlr\2.7.6\antlr-2.7.6.jar;C:\Documents and Settings\Administrator\.m2\repository\dom4j\dom4j\1.6.1\dom4j-1.6.1.jar;C:\Documents and Settings\Administrator\.m2\repository\xml-apis\xml-apis\1.0.b2\xml-apis-1.0.b2.jar;C:\Documents and Settings\Administrator\.m2\repository\javax\transaction\jta\1.1\jta-1.1.jar;C:\Documents and Settings\Administrator\.m2\repository\org\hibernate\hibernate-annotations\3.5.6-Final\hibernate-annotations-3.5.6-Final.jar;C:\Documents and Settings\Administrator\.m2\repository\org\hibernate\hibernate-commons-annotations\3.2.0.Final\hibernate-commons-annotations-3.2.0.Final.jar;C:\Documents and Settings\Administrator\.m2\repository\org\hibernate\javax\persistence\hibernate-jpa-2.0-api\1.0.0.Final\hibernate-jpa-2.0-api-1.0.0.Final.jar;C:\Documents and Settings\Administrator\.m2\repository\org\hibernate\hibernate-entitymanager\3.5.6-Final\hibernate-entitymanager-3.5.6-Final.jar;C:\Documents and Settings\Administrator\.m2\repository\cglib\cglib\2.2\cglib-2.2.jar;C:\Documents and Settings\Administrator\.m2\repository\asm\asm\3.1\asm-3.1.jar;C:\Documents and Settings\Administrator\.m2\repository\org\hibernate\java-persistence\jpa-api\2.0-cr-1\jpa-api-2.0-cr-1.jar;C:\Documents and Settings\Administrator\.m2\repository\org\hibernate\hibernate-validator\4.0.2.GA\hibernate-validator-4.0.2.GA.jar;C:\Documents and Settings\Administrator\.m2\repository\javax\validation\validation-api\1.0.0.GA\validation-api-1.0.0.GA.jar;C:\Documents and Settings\Administrator\.m2\repository\javax\xml\bind\jaxb-api\2.1\jaxb-api-2.1.jar;C:\Documents and Settings\Administrator\.m2\repository\javax\xml\stream\stax-api\1.0-2\stax-api-1.0-2.jar;C:\Documents and Settings\Administrator\.m2\repository\javax\activation\activation\1.1\activation-1.1.jar;C:\Documents and Settings\Administrator\.m2\repository\com\sun\xml\bind\jaxb-impl\2.1.3\jaxb-impl-2.1.3.jar;C:\Documents and Settings\Administrator\.m2\repository\org\hibernate\hibernate-ehcache\3.5.6-Final\hibernate-ehcache-3.5.6-Final.jar;C:\Documents and Settings\Administrator\.m2\repository\net\sf\ehcache\ehcache\1.5.0\ehcache-1.5.0.jar;C:\Documents and Settings\Administrator\.m2\repository\backport-util-concurrent\backport-util-concurrent\3.1\backport-util-concurrent-3.1.jar;C:\Documents and Settings\Administrator\.m2\repository\net\sf\jsr107cache\jsr107cache\1.0\jsr107cache-1.0.jar;C:\Documents and Settings\Administrator\.m2\repository\mysql\mysql-connector-java\5.1.5\mysql-connector-java-5.1.5.jar;C:\Documents and Settings\Administrator\.m2\repository\commons-fileupload\commons-fileupload\1.2.1\commons-fileupload-1.2.1.jar;C:\Documents and Settings\Administrator\.m2\repository\cglib\cglib-full\2.0.1\cglib-full-2.0.1.jar;C:\Documents and Settings\Administrator\.m2\repository\c3p0\c3p0\0.9.1.2\c3p0-0.9.1.2.jar;C:\Documents and Settings\Administrator\.m2\repository\org\slf4j\slf4j-api\1.5.8\slf4j-api-1.5.8.jar;C:\Documents and Settings\Administrator\.m2\repository\org\slf4j\slf4j-log4j12\1.5.8\slf4j-log4j12-1.5.8.jar;C:\Documents and Settings\Administrator\.m2\repository\log4j\log4j\1.2.14\log4j-1.2.14.jar;C:\Documents and Settings\Administrator\.m2\repository\org\slf4j\slf4j-nop\1.5.8\slf4j-nop-1.5.8.jar;C:\Documents and Settings\Administrator\.m2\repository\org\slf4j\slf4j-simple\1.5.8\slf4j-simple-1.5.8.jar;C:\Documents and Settings\Administrator\.m2\repository\org\slf4j\slf4j-jdk14\1.5.8\slf4j-jdk14-1.5.8.jar;"/>
    <property name="java.specification.name" value="Java Platform API Specification"/>
    <property name="java.class.version" value="50.0"/>
    <property name="sun.management.compiler" value="HotSpot Client Compiler"/>
    <property name="os.version" value="5.1"/>
    <property name="user.home" value="C:\Documents and Settings\Administrator"/>
    <property name="user.timezone" value=""/>
    <property name="java.awt.printerjob" value="sun.awt.windows.WPrinterJob"/>
    <property name="java.specification.version" value="1.6"/>
    <property name="file.encoding" value="GBK"/>
    <property name="user.name" value="Administrator"/>
    <property name="java.class.path" value="D:\newerpProject\erp-grant\target\test-classes;D:\newerpProject\erp-grant\target\classes;D:\newerpProject\erp-core\target\erp-core-1.0-SNAPSHOT.jar;C:\Documents and Settings\Administrator\.m2\repository\junit\junit\3.8.1\junit-3.8.1.jar;C:\Documents and Settings\Administrator\.m2\repository\commons-dbcp\commons-dbcp\1.2.2\commons-dbcp-1.2.2.jar;C:\Documents and Settings\Administrator\.m2\repository\commons-pool\commons-pool\1.3\commons-pool-1.3.jar;C:\Documents and Settings\Administrator\.m2\repository\commons-io\commons-io\1.4\commons-io-1.4.jar;C:\Documents and Settings\Administrator\.m2\repository\javax\servlet\servlet-api\2.5\servlet-api-2.5.jar;C:\Documents and Settings\Administrator\.m2\repository\tomcat\jsp-api\5.0.16\jsp-api-5.0.16.jar;C:\Documents and Settings\Administrator\.m2\repository\org\freemarker\freemarker\2.3.15\freemarker-2.3.15.jar;C:\Documents and Settings\Administrator\.m2\repository\commons-lang\commons-lang\2.5\commons-lang-2.5.jar;C:\Documents and Settings\Administrator\.m2\repository\commons-codec\commons-codec\1.4\commons-codec-1.4.jar;C:\Documents and Settings\Administrator\.m2\repository\commons-beanutils\commons-beanutils\1.8.3\commons-beanutils-1.8.3.jar;C:\Documents and Settings\Administrator\.m2\repository\commons-logging\commons-logging\1.1.1\commons-logging-1.1.1.jar;C:\Documents and Settings\Administrator\.m2\repository\ognl\ognl\3.0\ognl-3.0.jar;C:\Documents and Settings\Administrator\.m2\repository\javassist\javassist\3.8.0.GA\javassist-3.8.0.GA.jar;C:\Documents and Settings\Administrator\.m2\repository\org\springframework\spring-test\3.0.5.RELEASE\spring-test-3.0.5.RELEASE.jar;C:\Documents and Settings\Administrator\.m2\repository\org\springframework\spring-core\3.0.5.RELEASE\spring-core-3.0.5.RELEASE.jar;C:\Documents and Settings\Administrator\.m2\repository\org\springframework\spring-asm\3.0.5.RELEASE\spring-asm-3.0.5.RELEASE.jar;C:\Documents and Settings\Administrator\.m2\repository\org\springframework\spring-webmvc\3.0.5.RELEASE\spring-webmvc-3.0.5.RELEASE.jar;C:\Documents and Settings\Administrator\.m2\repository\org\springframework\spring-expression\3.0.5.RELEASE\spring-expression-3.0.5.RELEASE.jar;C:\Documents and Settings\Administrator\.m2\repository\org\springframework\spring-web\3.0.5.RELEASE\spring-web-3.0.5.RELEASE.jar;C:\Documents and Settings\Administrator\.m2\repository\commons-digester\commons-digester\2.0\commons-digester-2.0.jar;C:\Documents and Settings\Administrator\.m2\repository\net\sf\json-lib\json-lib\2.4\json-lib-2.4-jdk15.jar;C:\Documents and Settings\Administrator\.m2\repository\commons-collections\commons-collections\3.2.1\commons-collections-3.2.1.jar;C:\Documents and Settings\Administrator\.m2\repository\net\sf\ezmorph\ezmorph\1.0.6\ezmorph-1.0.6.jar;C:\Documents and Settings\Administrator\.m2\repository\org\springframework\spring-jdbc\3.0.5.RELEASE\spring-jdbc-3.0.5.RELEASE.jar;C:\Documents and Settings\Administrator\.m2\repository\org\springframework\spring-orm\3.0.5.RELEASE\spring-orm-3.0.5.RELEASE.jar;C:\Documents and Settings\Administrator\.m2\repository\org\springframework\spring-beans\3.0.5.RELEASE\spring-beans-3.0.5.RELEASE.jar;C:\Documents and Settings\Administrator\.m2\repository\org\springframework\spring-context-support\3.0.5.RELEASE\spring-context-support-3.0.5.RELEASE.jar;C:\Documents and Settings\Administrator\.m2\repository\org\springframework\spring-tx\3.0.5.RELEASE\spring-tx-3.0.5.RELEASE.jar;C:\Documents and Settings\Administrator\.m2\repository\aopalliance\aopalliance\1.0\aopalliance-1.0.jar;C:\Documents and Settings\Administrator\.m2\repository\org\springframework\spring-aop\3.0.5.RELEASE\spring-aop-3.0.5.RELEASE.jar;C:\Documents and Settings\Administrator\.m2\repository\org\springframework\spring-context\3.0.5.RELEASE\spring-context-3.0.5.RELEASE.jar;C:\Documents and Settings\Administrator\.m2\repository\org\hibernate\hibernate-core\3.5.6-Final\hibernate-core-3.5.6-Final.jar;C:\Documents and Settings\Administrator\.m2\repository\antlr\antlr\2.7.6\antlr-2.7.6.jar;C:\Documents and Settings\Administrator\.m2\repository\dom4j\dom4j\1.6.1\dom4j-1.6.1.jar;C:\Documents and Settings\Administrator\.m2\repository\xml-apis\xml-apis\1.0.b2\xml-apis-1.0.b2.jar;C:\Documents and Settings\Administrator\.m2\repository\javax\transaction\jta\1.1\jta-1.1.jar;C:\Documents and Settings\Administrator\.m2\repository\org\hibernate\hibernate-annotations\3.5.6-Final\hibernate-annotations-3.5.6-Final.jar;C:\Documents and Settings\Administrator\.m2\repository\org\hibernate\hibernate-commons-annotations\3.2.0.Final\hibernate-commons-annotations-3.2.0.Final.jar;C:\Documents and Settings\Administrator\.m2\repository\org\hibernate\javax\persistence\hibernate-jpa-2.0-api\1.0.0.Final\hibernate-jpa-2.0-api-1.0.0.Final.jar;C:\Documents and Settings\Administrator\.m2\repository\org\hibernate\hibernate-entitymanager\3.5.6-Final\hibernate-entitymanager-3.5.6-Final.jar;C:\Documents and Settings\Administrator\.m2\repository\cglib\cglib\2.2\cglib-2.2.jar;C:\Documents and Settings\Administrator\.m2\repository\asm\asm\3.1\asm-3.1.jar;C:\Documents and Settings\Administrator\.m2\repository\org\hibernate\java-persistence\jpa-api\2.0-cr-1\jpa-api-2.0-cr-1.jar;C:\Documents and Settings\Administrator\.m2\repository\org\hibernate\hibernate-validator\4.0.2.GA\hibernate-validator-4.0.2.GA.jar;C:\Documents and Settings\Administrator\.m2\repository\javax\validation\validation-api\1.0.0.GA\validation-api-1.0.0.GA.jar;C:\Documents and Settings\Administrator\.m2\repository\javax\xml\bind\jaxb-api\2.1\jaxb-api-2.1.jar;C:\Documents and Settings\Administrator\.m2\repository\javax\xml\stream\stax-api\1.0-2\stax-api-1.0-2.jar;C:\Documents and Settings\Administrator\.m2\repository\javax\activation\activation\1.1\activation-1.1.jar;C:\Documents and Settings\Administrator\.m2\repository\com\sun\xml\bind\jaxb-impl\2.1.3\jaxb-impl-2.1.3.jar;C:\Documents and Settings\Administrator\.m2\repository\org\hibernate\hibernate-ehcache\3.5.6-Final\hibernate-ehcache-3.5.6-Final.jar;C:\Documents and Settings\Administrator\.m2\repository\net\sf\ehcache\ehcache\1.5.0\ehcache-1.5.0.jar;C:\Documents and Settings\Administrator\.m2\repository\backport-util-concurrent\backport-util-concurrent\3.1\backport-util-concurrent-3.1.jar;C:\Documents and Settings\Administrator\.m2\repository\net\sf\jsr107cache\jsr107cache\1.0\jsr107cache-1.0.jar;C:\Documents and Settings\Administrator\.m2\repository\mysql\mysql-connector-java\5.1.5\mysql-connector-java-5.1.5.jar;C:\Documents and Settings\Administrator\.m2\repository\commons-fileupload\commons-fileupload\1.2.1\commons-fileupload-1.2.1.jar;C:\Documents and Settings\Administrator\.m2\repository\cglib\cglib-full\2.0.1\cglib-full-2.0.1.jar;C:\Documents and Settings\Administrator\.m2\repository\c3p0\c3p0\0.9.1.2\c3p0-0.9.1.2.jar;C:\Documents and Settings\Administrator\.m2\repository\org\slf4j\slf4j-api\1.5.8\slf4j-api-1.5.8.jar;C:\Documents and Settings\Administrator\.m2\repository\org\slf4j\slf4j-log4j12\1.5.8\slf4j-log4j12-1.5.8.jar;C:\Documents and Settings\Administrator\.m2\repository\log4j\log4j\1.2.14\log4j-1.2.14.jar;C:\Documents and Settings\Administrator\.m2\repository\org\slf4j\slf4j-nop\1.5.8\slf4j-nop-1.5.8.jar;C:\Documents and Settings\Administrator\.m2\repository\org\slf4j\slf4j-simple\1.5.8\slf4j-simple-1.5.8.jar;C:\Documents and Settings\Administrator\.m2\repository\org\slf4j\slf4j-jdk14\1.5.8\slf4j-jdk14-1.5.8.jar;"/>
    <property name="java.vm.specification.version" value="1.0"/>
    <property name="sun.arch.data.model" value="32"/>
    <property name="java.home" value="C:\jdk1.6.0_17\jre"/>
    <property name="java.specification.vendor" value="Sun Microsystems Inc."/>
    <property name="user.language" value="zh"/>
    <property name="awt.toolkit" value="sun.awt.windows.WToolkit"/>
    <property name="java.vm.info" value="mixed mode, sharing"/>
    <property name="java.version" value="1.6.0_17"/>
    <property name="java.ext.dirs" value="C:\jdk1.6.0_17\jre\lib\ext;C:\WINDOWS\Sun\Java\lib\ext"/>
    <property name="sun.boot.class.path" value="C:\jdk1.6.0_17\jre\lib\resources.jar;C:\jdk1.6.0_17\jre\lib\rt.jar;C:\jdk1.6.0_17\jre\lib\sunrsasign.jar;C:\jdk1.6.0_17\jre\lib\jsse.jar;C:\jdk1.6.0_17\jre\lib\jce.jar;C:\jdk1.6.0_17\jre\lib\charsets.jar;C:\jdk1.6.0_17\jre\classes"/>
    <property name="java.vendor" value="Sun Microsystems Inc."/>
    <property name="localRepository" value="C:\Documents and Settings\Administrator\.m2\repository"/>
    <property name="file.separator" value="\"/>
    <property name="java.vendor.url.bug" value="http://java.sun.com/cgi-bin/bugreport.cgi"/>
    <property name="sun.cpu.endian" value="little"/>
    <property name="sun.io.unicode.encoding" value="UnicodeLittle"/>
    <property name="sun.desktop" value="windows"/>
    <property name="sun.cpu.isalist" value=""/>
  </properties>
  <testcase time="0" classname="com.mich.erp.AppTest" name="testApp"/>
</testsuite>